setting 'ivy.default.settings.dir' to 'jar:file:/E:/Tools/sbt-launch-0.7.7.jar!/org/apache/ivy/core/settings'
setting 'ivy.basedir' to 'E:\DEV\projectEuler\.'
setting 'ivy.default.conf.dir' to 'jar:file:/E:/Tools/sbt-launch-0.7.7.jar!/org/apache/ivy/core/settings'
impossible to define new type: class not found: org.apache.ivy.plugins.version.PatternVersionMatcher in [] nor Ivy classloader
impossible to define new type: class not found: org.apache.ivy.plugins.trigger.LogTrigger in [] nor Ivy classloader
impossible to define new type: class not found: org.apache.ivy.plugins.resolver.VsftpResolver in [] nor Ivy classloader
impossible to define new type: class not found: org.apache.ivy.plugins.conflict.RegexpConflictManager in [] nor Ivy classloader
impossible to define new type: class not found: org.apache.ivy.plugins.resolver.SshResolver in [] nor Ivy classloader
impossible to define new type: class not found: org.apache.ivy.plugins.resolver.VfsResolver in [] nor Ivy classloader
impossible to define new type: class not found: org.apache.ivy.plugins.signer.bouncycastle.OpenPGPSignatureGenerator in [] nor Ivy classloader
impossible to define new type: class not found: org.apache.ivy.plugins.resolver.SFTPResolver in [] nor Ivy classloader
impossible to define new type: class not found: org.apache.ivy.plugins.resolver.packager.PackagerResolver in [] nor Ivy classloader
impossible to define new type: class not found: org.apache.ivy.ant.AntCallTrigger in [] nor Ivy classloader
impossible to define new type: class not found: org.apache.ivy.plugins.resolver.IvyRepResolver in [] nor Ivy classloader
impossible to define new type: class not found: org.apache.ivy.ant.AntBuildTrigger in [] nor Ivy classloader
impossible to define glob matcher: org.apache.ivy.plugins.matcher.GlobPatternMatcher was not found.
setting 'java.runtime.name' to 'Java(TM) SE Runtime Environment'
setting 'sun.boot.library.path' to 'E:\Programme\Java\jre6\bin'
setting 'java.vm.version' to '20.1-b02'
setting 'java.vm.vendor' to 'Sun Microsystems Inc.'
setting 'java.vendor.url' to 'http://java.sun.com/'
setting 'path.separator' to ';'
setting 'java.vm.name' to 'Java HotSpot(TM) Client VM'
setting 'file.encoding.pkg' to 'sun.io'
setting 'sun.java.launcher' to 'SUN_STANDARD'
setting 'user.country' to 'DE'
setting 'sun.os.patch.level' to 'Service Pack 3'
setting 'java.vm.specification.name' to 'Java Virtual Machine Specification'
setting 'user.dir' to 'E:\DEV\projectEuler'
setting 'java.runtime.version' to '1.6.0_26-b03'
setting 'java.awt.graphicsenv' to 'sun.awt.Win32GraphicsEnvironment'
setting 'java.endorsed.dirs' to 'E:\Programme\Java\jre6\lib\endorsed'
setting 'os.arch' to 'x86'
setting 'java.io.tmpdir' to 'E:\DOKUME~1\Florian\LOKALE~1\Temp\'
setting 'line.separator' to '
'
setting 'java.vm.specification.vendor' to 'Sun Microsystems Inc.'
setting 'user.variant' to ''
setting 'os.name' to 'Windows XP'
setting 'sun.jnu.encoding' to 'Cp1252'
setting 'java.library.path' to 'E:\WINDOWS\system32;E:\WINDOWS\Sun\Java\bin;E:\WINDOWS\system32;E:\WINDOWS;E:\Programme\PC Connectivity Solution\;E:\Programme\Business Objects\Common\3.5\bin\NOTES\;E:\Programme\Business Objects\Common\3.5\bin\NOTES\DATA\;E:\Programme\MiKTeX 2.8\miktex\bin;E:\Programme\liftweb-0.11\bin;E:\Programme\liftweb-0.11/apache-maven/bin;E:\WINDOWS\system32;E:\WINDOWS;E:\WINDOWS\System32\Wbem;E:\WINDOWS\system32\WindowsPowerShell\v1.0\;E:\Programme\TortoiseSVN\bin;E:\Tools\scala-2.8.0.final\bin;E:\Programme\liftweb-0.11\apache-maven\bin;E:\Programme\GtkSharp\2.12\bin;E:\Programme\Gemeinsame Dateien\DivX Shared\;E:\Programme\scala\bin;c:\dev\cmdtools;e:\Tools;E:\Programme\Calibre2\;E:\Programme\TortoiseGit\bin;E:\Programme\Gemeinsame Dateien\Ahead\Lib\;E:\Programme\Gemeinsame Dateien\Ahead\Lib\;E:\Programme\Gemeinsame Dateien\Ahead\Lib\;.'
setting 'java.specification.name' to 'Java Platform API Specification'
setting 'java.class.version' to '50.0'
setting 'sun.management.compiler' to 'HotSpot Client Compiler'
setting 'os.version' to '5.1'
setting 'user.home' to 'E:\Dokumente und Einstellungen\Florian'
setting 'user.timezone' to 'Europe/Berlin'
setting 'java.awt.printerjob' to 'sun.awt.windows.WPrinterJob'
setting 'file.encoding' to 'Cp1252'
setting 'java.specification.version' to '1.6'
setting 'java.class.path' to 'e:\Tools\sbt-launch-0.7.7.jar'
setting 'user.name' to 'Florian'
setting 'java.vm.specification.version' to '1.0'
setting 'sun.java.command' to 'e:\Tools\sbt-launch-0.7.7.jar'
setting 'java.home' to 'E:\Programme\Java\jre6'
setting 'sun.arch.data.model' to '32'
setting 'user.language' to 'de'
setting 'java.specification.vendor' to 'Sun Microsystems Inc.'
setting 'awt.toolkit' to 'sun.awt.windows.WToolkit'
setting 'java.vm.info' to 'mixed mode, sharing'
setting 'java.version' to '1.6.0_26'
setting 'java.ext.dirs' to 'E:\Programme\Java\jre6\lib\ext;E:\WINDOWS\Sun\Java\lib\ext'
setting 'sun.boot.class.path' to 'E:\Programme\Java\jre6\lib\resources.jar;E:\Programme\Java\jre6\lib\rt.jar;E:\Programme\Java\jre6\lib\sunrsasign.jar;E:\Programme\Java\jre6\lib\jsse.jar;E:\Programme\Java\jre6\lib\jce.jar;E:\Programme\Java\jre6\lib\charsets.jar;E:\Programme\Java\jre6\lib\modules\jdk.boot.jar;E:\Programme\Java\jre6\classes'
setting 'java.vendor' to 'Sun Microsystems Inc.'
setting 'file.separator' to '\'
setting 'java.vendor.url.bug' to 'http://java.sun.com/cgi-bin/bugreport.cgi'
setting 'sun.io.unicode.encoding' to 'UnicodeLittle'
setting 'sun.cpu.endian' to 'little'
setting 'sun.desktop' to 'windows'
setting 'sun.cpu.isalist' to 'pentium_pro+mmx pentium_pro pentium+mmx pentium i486 i386 i86'
setting 'ivy.default.ivy.user.dir' to 'E:\Dokumente und Einstellungen\Florian\.ivy2'
setting 'ivy.home' to 'E:\Dokumente und Einstellungen\Florian\.ivy2'
no default ivy user dir defined: set to E:\Dokumente und Einstellungen\Florian\.ivy2
setting 'ivy.cache.dir' to 'E:\Dokumente und Einstellungen\Florian\.ivy2\cache'
no default cache defined: set to E:\Dokumente und Einstellungen\Florian\.ivy2\cache
setting 'ivy.basedir' to 'E:\DEV\projectEuler\project\boot'
setting 'basedir' to 'E:\DEV\projectEuler\project\boot'
setting 'scala' to '2.9.1'
:: resolving dependencies :: org.scala-tools.sbt#boot-scala;1.0
	confs: [default]
	validate = true
	refresh = false
resolving dependencies for configuration 'default'
== resolving dependencies for org.scala-tools.sbt#boot-scala;1.0 [default]
loadData of org.scala-tools.sbt#boot-scala;1.0 of rootConf=default
== resolving dependencies org.scala-tools.sbt#boot-scala;1.0->org.scala-lang#scala-compiler;2.9.1 [default->default]
loadData of org.scala-lang#scala-compiler;2.9.1 of rootConf=default
	using redefined-public to resolve org.scala-lang#scala-compiler;2.9.1
redefined-public: Checking cache for: dependency: org.scala-lang#scala-compiler;2.9.1 {default=[default, optional(default)]}
redefined-public: no namespace defined: using system
	no ivy file in cache for org.scala-lang#scala-compiler;2.9.1: tried E:\Dokumente und Einstellungen\Florian\.ivy2\cache\org.scala-lang\scala-compiler\ivy-2.9.1.xml
redefined-public: no latest strategy defined: using default
local: no namespace defined: using system
	no ivy file in cache for org.scala-lang#scala-compiler;2.9.1: tried E:\Dokumente und Einstellungen\Florian\.ivy2\cache\org.scala-lang\scala-compiler\ivy-2.9.1.xml
	 trying E:\Dokumente und Einstellungen\Florian\.ivy2/local/org.scala-lang/scala-compiler/2.9.1/ivys/ivy.xml
		tried E:\Dokumente und Einstellungen\Florian\.ivy2/local/org.scala-lang/scala-compiler/2.9.1/ivys/ivy.xml
	local: resource not reachable for org.scala-lang#scala-compiler;2.9.1: res=E:\Dokumente und Einstellungen\Florian\.ivy2\local\org.scala-lang\scala-compiler\2.9.1\ivys\ivy.xml
	 trying E:\Dokumente und Einstellungen\Florian\.ivy2/local/org.scala-lang/scala-compiler/2.9.1/jars/scala-compiler.jar
		tried E:\Dokumente und Einstellungen\Florian\.ivy2/local/org.scala-lang/scala-compiler/2.9.1/jars/scala-compiler.jar
	local: resource not reachable for org.scala-lang#scala-compiler;2.9.1: res=E:\Dokumente und Einstellungen\Florian\.ivy2\local\org.scala-lang\scala-compiler\2.9.1\jars\scala-compiler.jar
	local: no ivy file nor artifact found for org.scala-lang#scala-compiler;2.9.1
Maven2 Local: no namespace defined: using system
	no ivy file in cache for org.scala-lang#scala-compiler;2.9.1: tried E:\Dokumente und Einstellungen\Florian\.ivy2\cache\org.scala-lang\scala-compiler\ivy-2.9.1.xml
	 trying file://E:\Dokumente und Einstellungen\Florian/.m2/repository/org/scala-lang/scala-compiler/2.9.1/scala-compiler-2.9.1.pom
		tried file://E:\Dokumente und Einstellungen\Florian/.m2/repository/org/scala-lang/scala-compiler/2.9.1/scala-compiler-2.9.1.pom
	Maven2 Local: resource not reachable for org/scala-lang#scala-compiler;2.9.1: res=file://E:/Dokumente und Einstellungen/Florian/.m2/repository/org/scala-lang/scala-compiler/2.9.1/scala-compiler-2.9.1.pom
	 trying file://E:\Dokumente und Einstellungen\Florian/.m2/repository/org/scala-lang/scala-compiler/2.9.1/scala-compiler-2.9.1.jar
		tried file://E:\Dokumente und Einstellungen\Florian/.m2/repository/org/scala-lang/scala-compiler/2.9.1/scala-compiler-2.9.1.jar
	Maven2 Local: resource not reachable for org/scala-lang#scala-compiler;2.9.1: res=file://E:/Dokumente und Einstellungen/Florian/.m2/repository/org/scala-lang/scala-compiler/2.9.1/scala-compiler-2.9.1.jar
	Maven2 Local: no ivy file nor artifact found for org.scala-lang#scala-compiler;2.9.1
sbt-db: no namespace defined: using system
	no ivy file in cache for org.scala-lang#scala-compiler;2.9.1: tried E:\Dokumente und Einstellungen\Florian\.ivy2\cache\org.scala-lang\scala-compiler\ivy-2.9.1.xml
	 trying http://databinder.net/repo/org.scala-lang/scala-compiler/2.9.1/ivys/ivy.xml
		tried http://databinder.net/repo/org.scala-lang/scala-compiler/2.9.1/ivys/ivy.xml
HTTP response status: 404 url=http://databinder.net/repo/org.scala-lang/scala-compiler/2.9.1/ivys/ivy.xml
CLIENT ERROR: Not Found url=http://databinder.net/repo/org.scala-lang/scala-compiler/2.9.1/ivys/ivy.xml
	sbt-db: resource not reachable for org.scala-lang#scala-compiler;2.9.1: res=http://databinder.net/repo/org.scala-lang/scala-compiler/2.9.1/ivys/ivy.xml
	 trying http://databinder.net/repo/org.scala-lang/scala-compiler/2.9.1/jars/scala-compiler.jar
		tried http://databinder.net/repo/org.scala-lang/scala-compiler/2.9.1/jars/scala-compiler.jar
HTTP response status: 404 url=http://databinder.net/repo/org.scala-lang/scala-compiler/2.9.1/jars/scala-compiler.jar
CLIENT ERROR: Not Found url=http://databinder.net/repo/org.scala-lang/scala-compiler/2.9.1/jars/scala-compiler.jar
	sbt-db: resource not reachable for org.scala-lang#scala-compiler;2.9.1: res=http://databinder.net/repo/org.scala-lang/scala-compiler/2.9.1/jars/scala-compiler.jar
	sbt-db: no ivy file nor artifact found for org.scala-lang#scala-compiler;2.9.1
Maven Central: no namespace defined: using system
	no ivy file in cache for org.scala-lang#scala-compiler;2.9.1: tried E:\Dokumente und Einstellungen\Florian\.ivy2\cache\org.scala-lang\scala-compiler\ivy-2.9.1.xml
	 trying http://repo1.maven.org/maven2/org/scala-lang/scala-compiler/2.9.1/scala-compiler-2.9.1.pom
		tried http://repo1.maven.org/maven2/org/scala-lang/scala-compiler/2.9.1/scala-compiler-2.9.1.pom
	Maven Central: found md file for org.scala-lang#scala-compiler;2.9.1
		=> http://repo1.maven.org/maven2/org/scala-lang/scala-compiler/2.9.1/scala-compiler-2.9.1.pom (2.9.1)
	parser = pom parser
	no ivy file in cache for org.scala-lang#scala-compiler;2.9.1: tried E:\Dokumente und Einstellungen\Florian\.ivy2\cache\org.scala-lang\scala-compiler\ivy-2.9.1.xml
downloading http://repo1.maven.org/maven2/org/scala-lang/scala-compiler/2.9.1/scala-compiler-2.9.1.pom ...
	Maven Central: downloading http://repo1.maven.org/maven2/org/scala-lang/scala-compiler/2.9.1/scala-compiler-2.9.1.pom
		to E:\Dokumente und Einstellungen\Florian\.ivy2\cache\org.scala-lang\scala-compiler\ivy-2.9.1.xml.original.part
	[SUCCESSFUL ] org.scala-lang#scala-compiler;2.9.1!scala-compiler.pom(pom.original) (250ms)
	 trying E:\Dokumente und Einstellungen\Florian\.ivy2/local/org.scala-lang/scala-compiler/2.9.1/jars/scala-compiler.jar
		tried E:\Dokumente und Einstellungen\Florian\.ivy2/local/org.scala-lang/scala-compiler/2.9.1/jars/scala-compiler.jar
	local: resource not reachable for org.scala-lang#scala-compiler;2.9.1: res=E:\Dokumente und Einstellungen\Florian\.ivy2\local\org.scala-lang\scala-compiler\2.9.1\jars\scala-compiler.jar
	 trying file://E:\Dokumente und Einstellungen\Florian/.m2/repository/org/scala-lang/scala-compiler/2.9.1/scala-compiler-2.9.1.jar
		tried file://E:\Dokumente und Einstellungen\Florian/.m2/repository/org/scala-lang/scala-compiler/2.9.1/scala-compiler-2.9.1.jar
	Maven2 Local: resource not reachable for org/scala-lang#scala-compiler;2.9.1: res=file://E:/Dokumente und Einstellungen/Florian/.m2/repository/org/scala-lang/scala-compiler/2.9.1/scala-compiler-2.9.1.jar
	 trying http://databinder.net/repo/org.scala-lang/scala-compiler/2.9.1/jars/scala-compiler.jar
		tried http://databinder.net/repo/org.scala-lang/scala-compiler/2.9.1/jars/scala-compiler.jar
	sbt-db: resource not reachable for org.scala-lang#scala-compiler;2.9.1: res=http://databinder.net/repo/org.scala-lang/scala-compiler/2.9.1/jars/scala-compiler.jar
	 trying http://repo1.maven.org/maven2/org/scala-lang/scala-compiler/2.9.1/scala-compiler-2.9.1.jar
		tried http://repo1.maven.org/maven2/org/scala-lang/scala-compiler/2.9.1/scala-compiler-2.9.1.jar
	 trying E:\Dokumente und Einstellungen\Florian\.ivy2/local/org.scala-lang/scala-compiler/2.9.1/sources/scala-compiler-sources.jar
		tried E:\Dokumente und Einstellungen\Florian\.ivy2/local/org.scala-lang/scala-compiler/2.9.1/sources/scala-compiler-sources.jar
	local: resource not reachable for org.scala-lang#scala-compiler;2.9.1: res=E:\Dokumente und Einstellungen\Florian\.ivy2\local\org.scala-lang\scala-compiler\2.9.1\sources\scala-compiler-sources.jar
	 trying file://E:\Dokumente und Einstellungen\Florian/.m2/repository/org/scala-lang/scala-compiler/2.9.1/scala-compiler-2.9.1-sources.jar
		tried file://E:\Dokumente und Einstellungen\Florian/.m2/repository/org/scala-lang/scala-compiler/2.9.1/scala-compiler-2.9.1-sources.jar
	Maven2 Local: resource not reachable for org/scala-lang#scala-compiler;2.9.1: res=file://E:/Dokumente und Einstellungen/Florian/.m2/repository/org/scala-lang/scala-compiler/2.9.1/scala-compiler-2.9.1-sources.jar
	 trying http://databinder.net/repo/org.scala-lang/scala-compiler/2.9.1/sources/scala-compiler-sources.jar
		tried http://databinder.net/repo/org.scala-lang/scala-compiler/2.9.1/sources/scala-compiler-sources.jar
HTTP response status: 404 url=http://databinder.net/repo/org.scala-lang/scala-compiler/2.9.1/sources/scala-compiler-sources.jar
CLIENT ERROR: Not Found url=http://databinder.net/repo/org.scala-lang/scala-compiler/2.9.1/sources/scala-compiler-sources.jar
	sbt-db: resource not reachable for org.scala-lang#scala-compiler;2.9.1: res=http://databinder.net/repo/org.scala-lang/scala-compiler/2.9.1/sources/scala-compiler-sources.jar
	 trying http://repo1.maven.org/maven2/org/scala-lang/scala-compiler/2.9.1/scala-compiler-2.9.1-sources.jar
		tried http://repo1.maven.org/maven2/org/scala-lang/scala-compiler/2.9.1/scala-compiler-2.9.1-sources.jar
source artifact found for org.scala-lang#scala-compiler;2.9.1
	 trying E:\Dokumente und Einstellungen\Florian\.ivy2/local/org.scala-lang/scala-compiler/2.9.1/javadocs/scala-compiler-javadoc.jar
		tried E:\Dokumente und Einstellungen\Florian\.ivy2/local/org.scala-lang/scala-compiler/2.9.1/javadocs/scala-compiler-javadoc.jar
	local: resource not reachable for org.scala-lang#scala-compiler;2.9.1: res=E:\Dokumente und Einstellungen\Florian\.ivy2\local\org.scala-lang\scala-compiler\2.9.1\javadocs\scala-compiler-javadoc.jar
	 trying file://E:\Dokumente und Einstellungen\Florian/.m2/repository/org/scala-lang/scala-compiler/2.9.1/scala-compiler-2.9.1-javadoc.jar
		tried file://E:\Dokumente und Einstellungen\Florian/.m2/repository/org/scala-lang/scala-compiler/2.9.1/scala-compiler-2.9.1-javadoc.jar
	Maven2 Local: resource not reachable for org/scala-lang#scala-compiler;2.9.1: res=file://E:/Dokumente und Einstellungen/Florian/.m2/repository/org/scala-lang/scala-compiler/2.9.1/scala-compiler-2.9.1-javadoc.jar
	 trying http://databinder.net/repo/org.scala-lang/scala-compiler/2.9.1/javadocs/scala-compiler-javadoc.jar
		tried http://databinder.net/repo/org.scala-lang/scala-compiler/2.9.1/javadocs/scala-compiler-javadoc.jar
HTTP response status: 404 url=http://databinder.net/repo/org.scala-lang/scala-compiler/2.9.1/javadocs/scala-compiler-javadoc.jar
CLIENT ERROR: Not Found url=http://databinder.net/repo/org.scala-lang/scala-compiler/2.9.1/javadocs/scala-compiler-javadoc.jar
	sbt-db: resource not reachable for org.scala-lang#scala-compiler;2.9.1: res=http://databinder.net/repo/org.scala-lang/scala-compiler/2.9.1/javadocs/scala-compiler-javadoc.jar
	 trying http://repo1.maven.org/maven2/org/scala-lang/scala-compiler/2.9.1/scala-compiler-2.9.1-javadoc.jar
		tried http://repo1.maven.org/maven2/org/scala-lang/scala-compiler/2.9.1/scala-compiler-2.9.1-javadoc.jar
HTTP response status: 404 url=http://repo1.maven.org/maven2/org/scala-lang/scala-compiler/2.9.1/scala-compiler-2.9.1-javadoc.jar
CLIENT ERROR: Not Found url=http://repo1.maven.org/maven2/org/scala-lang/scala-compiler/2.9.1/scala-compiler-2.9.1-javadoc.jar
	Maven Central: resource not reachable for org/scala-lang#scala-compiler;2.9.1: res=http://repo1.maven.org/maven2/org/scala-lang/scala-compiler/2.9.1/scala-compiler-2.9.1-javadoc.jar
Scala-Tools Maven2 Repository: no namespace defined: using system
	 trying http://scala-tools.org/repo-releases/org/scala-lang/scala-compiler/2.9.1/scala-compiler-2.9.1-javadoc.jar
		tried http://scala-tools.org/repo-releases/org/scala-lang/scala-compiler/2.9.1/scala-compiler-2.9.1-javadoc.jar
HTTP response status: 404 url=http://scala-tools.org/repo-releases/org/scala-lang/scala-compiler/2.9.1/scala-compiler-2.9.1-javadoc.jar
CLIENT ERROR: Not Found url=http://scala-tools.org/repo-releases/org/scala-lang/scala-compiler/2.9.1/scala-compiler-2.9.1-javadoc.jar
	Scala-Tools Maven2 Repository: resource not reachable for org/scala-lang#scala-compiler;2.9.1: res=http://scala-tools.org/repo-releases/org/scala-lang/scala-compiler/2.9.1/scala-compiler-2.9.1-javadoc.jar
Scala-Tools Maven2 Snapshots Repository: no namespace defined: using system
	 trying http://scala-tools.org/repo-snapshots/org/scala-lang/scala-compiler/2.9.1/scala-compiler-2.9.1-javadoc.jar
		tried http://scala-tools.org/repo-snapshots/org/scala-lang/scala-compiler/2.9.1/scala-compiler-2.9.1-javadoc.jar
HTTP response status: 404 url=http://scala-tools.org/repo-snapshots/org/scala-lang/scala-compiler/2.9.1/scala-compiler-2.9.1-javadoc.jar
CLIENT ERROR: Not Found url=http://scala-tools.org/repo-snapshots/org/scala-lang/scala-compiler/2.9.1/scala-compiler-2.9.1-javadoc.jar
	Scala-Tools Maven2 Snapshots Repository: resource not reachable for org/scala-lang#scala-compiler;2.9.1: res=http://scala-tools.org/repo-snapshots/org/scala-lang/scala-compiler/2.9.1/scala-compiler-2.9.1-javadoc.jar
no javadoc artifact found for org.scala-lang#scala-compiler;2.9.1
	default-cache: parsed downloaded md file for org.scala-lang#scala-compiler;2.9.1; parsed=org.scala-lang#scala-compiler;2.9.1
	checking org.scala-lang#scala-compiler;2.9.1 from Maven Central against [none]
	module revision kept as first found: org.scala-lang#scala-compiler;2.9.1 from Maven Central
	found org.scala-lang#scala-compiler;2.9.1 in Maven Central
== resolving dependencies org.scala-tools.sbt#boot-scala;1.0->org.scala-lang#scala-compiler;2.9.1 [default->runtime]
loadData of org.scala-lang#scala-compiler;2.9.1 of rootConf=default
== resolving dependencies org.scala-tools.sbt#boot-scala;1.0->org.scala-lang#scala-compiler;2.9.1 [default->compile]
loadData of org.scala-lang#scala-compiler;2.9.1 of rootConf=default
== resolving dependencies org.scala-lang#scala-compiler;2.9.1->org.scala-lang#scala-library;2.9.1 [compile->master(*)]
loadData of org.scala-lang#scala-library;2.9.1 of rootConf=default
	using redefined-public to resolve org.scala-lang#scala-library;2.9.1
redefined-public: Checking cache for: dependency: org.scala-lang#scala-library;2.9.1 {compile=[compile(*), master(*)], runtime=[runtime(*)]}
	no ivy file in cache for org.scala-lang#scala-library;2.9.1: tried E:\Dokumente und Einstellungen\Florian\.ivy2\cache\org.scala-lang\scala-library\ivy-2.9.1.xml
	no ivy file in cache for org.scala-lang#scala-library;2.9.1: tried E:\Dokumente und Einstellungen\Florian\.ivy2\cache\org.scala-lang\scala-library\ivy-2.9.1.xml
	 trying E:\Dokumente und Einstellungen\Florian\.ivy2/local/org.scala-lang/scala-library/2.9.1/ivys/ivy.xml
		tried E:\Dokumente und Einstellungen\Florian\.ivy2/local/org.scala-lang/scala-library/2.9.1/ivys/ivy.xml
	local: resource not reachable for org.scala-lang#scala-library;2.9.1: res=E:\Dokumente und Einstellungen\Florian\.ivy2\local\org.scala-lang\scala-library\2.9.1\ivys\ivy.xml
	 trying E:\Dokumente und Einstellungen\Florian\.ivy2/local/org.scala-lang/scala-library/2.9.1/jars/scala-library.jar
		tried E:\Dokumente und Einstellungen\Florian\.ivy2/local/org.scala-lang/scala-library/2.9.1/jars/scala-library.jar
	local: resource not reachable for org.scala-lang#scala-library;2.9.1: res=E:\Dokumente und Einstellungen\Florian\.ivy2\local\org.scala-lang\scala-library\2.9.1\jars\scala-library.jar
	local: no ivy file nor artifact found for org.scala-lang#scala-library;2.9.1
	no ivy file in cache for org.scala-lang#scala-library;2.9.1: tried E:\Dokumente und Einstellungen\Florian\.ivy2\cache\org.scala-lang\scala-library\ivy-2.9.1.xml
	 trying file://E:\Dokumente und Einstellungen\Florian/.m2/repository/org/scala-lang/scala-library/2.9.1/scala-library-2.9.1.pom
		tried file://E:\Dokumente und Einstellungen\Florian/.m2/repository/org/scala-lang/scala-library/2.9.1/scala-library-2.9.1.pom
	Maven2 Local: resource not reachable for org/scala-lang#scala-library;2.9.1: res=file://E:/Dokumente und Einstellungen/Florian/.m2/repository/org/scala-lang/scala-library/2.9.1/scala-library-2.9.1.pom
	 trying file://E:\Dokumente und Einstellungen\Florian/.m2/repository/org/scala-lang/scala-library/2.9.1/scala-library-2.9.1.jar
		tried file://E:\Dokumente und Einstellungen\Florian/.m2/repository/org/scala-lang/scala-library/2.9.1/scala-library-2.9.1.jar
	Maven2 Local: resource not reachable for org/scala-lang#scala-library;2.9.1: res=file://E:/Dokumente und Einstellungen/Florian/.m2/repository/org/scala-lang/scala-library/2.9.1/scala-library-2.9.1.jar
	Maven2 Local: no ivy file nor artifact found for org.scala-lang#scala-library;2.9.1
	no ivy file in cache for org.scala-lang#scala-library;2.9.1: tried E:\Dokumente und Einstellungen\Florian\.ivy2\cache\org.scala-lang\scala-library\ivy-2.9.1.xml
	 trying http://databinder.net/repo/org.scala-lang/scala-library/2.9.1/ivys/ivy.xml
		tried http://databinder.net/repo/org.scala-lang/scala-library/2.9.1/ivys/ivy.xml
HTTP response status: 404 url=http://databinder.net/repo/org.scala-lang/scala-library/2.9.1/ivys/ivy.xml
CLIENT ERROR: Not Found url=http://databinder.net/repo/org.scala-lang/scala-library/2.9.1/ivys/ivy.xml
	sbt-db: resource not reachable for org.scala-lang#scala-library;2.9.1: res=http://databinder.net/repo/org.scala-lang/scala-library/2.9.1/ivys/ivy.xml
	 trying http://databinder.net/repo/org.scala-lang/scala-library/2.9.1/jars/scala-library.jar
		tried http://databinder.net/repo/org.scala-lang/scala-library/2.9.1/jars/scala-library.jar
HTTP response status: 404 url=http://databinder.net/repo/org.scala-lang/scala-library/2.9.1/jars/scala-library.jar
CLIENT ERROR: Not Found url=http://databinder.net/repo/org.scala-lang/scala-library/2.9.1/jars/scala-library.jar
	sbt-db: resource not reachable for org.scala-lang#scala-library;2.9.1: res=http://databinder.net/repo/org.scala-lang/scala-library/2.9.1/jars/scala-library.jar
	sbt-db: no ivy file nor artifact found for org.scala-lang#scala-library;2.9.1
	no ivy file in cache for org.scala-lang#scala-library;2.9.1: tried E:\Dokumente und Einstellungen\Florian\.ivy2\cache\org.scala-lang\scala-library\ivy-2.9.1.xml
	 trying http://repo1.maven.org/maven2/org/scala-lang/scala-library/2.9.1/scala-library-2.9.1.pom
		tried http://repo1.maven.org/maven2/org/scala-lang/scala-library/2.9.1/scala-library-2.9.1.pom
	Maven Central: found md file for org.scala-lang#scala-library;2.9.1
		=> http://repo1.maven.org/maven2/org/scala-lang/scala-library/2.9.1/scala-library-2.9.1.pom (2.9.1)
	parser = pom parser
	no ivy file in cache for org.scala-lang#scala-library;2.9.1: tried E:\Dokumente und Einstellungen\Florian\.ivy2\cache\org.scala-lang\scala-library\ivy-2.9.1.xml
downloading http://repo1.maven.org/maven2/org/scala-lang/scala-library/2.9.1/scala-library-2.9.1.pom ...
	Maven Central: downloading http://repo1.maven.org/maven2/org/scala-lang/scala-library/2.9.1/scala-library-2.9.1.pom
		to E:\Dokumente und Einstellungen\Florian\.ivy2\cache\org.scala-lang\scala-library\ivy-2.9.1.xml.original.part
	[SUCCESSFUL ] org.scala-lang#scala-library;2.9.1!scala-library.pom(pom.original) (265ms)
	 trying E:\Dokumente und Einstellungen\Florian\.ivy2/local/org.scala-lang/scala-library/2.9.1/jars/scala-library.jar
		tried E:\Dokumente und Einstellungen\Florian\.ivy2/local/org.scala-lang/scala-library/2.9.1/jars/scala-library.jar
	local: resource not reachable for org.scala-lang#scala-library;2.9.1: res=E:\Dokumente und Einstellungen\Florian\.ivy2\local\org.scala-lang\scala-library\2.9.1\jars\scala-library.jar
	 trying file://E:\Dokumente und Einstellungen\Florian/.m2/repository/org/scala-lang/scala-library/2.9.1/scala-library-2.9.1.jar
		tried file://E:\Dokumente und Einstellungen\Florian/.m2/repository/org/scala-lang/scala-library/2.9.1/scala-library-2.9.1.jar
	Maven2 Local: resource not reachable for org/scala-lang#scala-library;2.9.1: res=file://E:/Dokumente und Einstellungen/Florian/.m2/repository/org/scala-lang/scala-library/2.9.1/scala-library-2.9.1.jar
	 trying http://databinder.net/repo/org.scala-lang/scala-library/2.9.1/jars/scala-library.jar
		tried http://databinder.net/repo/org.scala-lang/scala-library/2.9.1/jars/scala-library.jar
	sbt-db: resource not reachable for org.scala-lang#scala-library;2.9.1: res=http://databinder.net/repo/org.scala-lang/scala-library/2.9.1/jars/scala-library.jar
	 trying http://repo1.maven.org/maven2/org/scala-lang/scala-library/2.9.1/scala-library-2.9.1.jar
		tried http://repo1.maven.org/maven2/org/scala-lang/scala-library/2.9.1/scala-library-2.9.1.jar
	 trying E:\Dokumente und Einstellungen\Florian\.ivy2/local/org.scala-lang/scala-library/2.9.1/sources/scala-library-sources.jar
		tried E:\Dokumente und Einstellungen\Florian\.ivy2/local/org.scala-lang/scala-library/2.9.1/sources/scala-library-sources.jar
	local: resource not reachable for org.scala-lang#scala-library;2.9.1: res=E:\Dokumente und Einstellungen\Florian\.ivy2\local\org.scala-lang\scala-library\2.9.1\sources\scala-library-sources.jar
	 trying file://E:\Dokumente und Einstellungen\Florian/.m2/repository/org/scala-lang/scala-library/2.9.1/scala-library-2.9.1-sources.jar
		tried file://E:\Dokumente und Einstellungen\Florian/.m2/repository/org/scala-lang/scala-library/2.9.1/scala-library-2.9.1-sources.jar
	Maven2 Local: resource not reachable for org/scala-lang#scala-library;2.9.1: res=file://E:/Dokumente und Einstellungen/Florian/.m2/repository/org/scala-lang/scala-library/2.9.1/scala-library-2.9.1-sources.jar
	 trying http://databinder.net/repo/org.scala-lang/scala-library/2.9.1/sources/scala-library-sources.jar
		tried http://databinder.net/repo/org.scala-lang/scala-library/2.9.1/sources/scala-library-sources.jar
HTTP response status: 404 url=http://databinder.net/repo/org.scala-lang/scala-library/2.9.1/sources/scala-library-sources.jar
CLIENT ERROR: Not Found url=http://databinder.net/repo/org.scala-lang/scala-library/2.9.1/sources/scala-library-sources.jar
	sbt-db: resource not reachable for org.scala-lang#scala-library;2.9.1: res=http://databinder.net/repo/org.scala-lang/scala-library/2.9.1/sources/scala-library-sources.jar
	 trying http://repo1.maven.org/maven2/org/scala-lang/scala-library/2.9.1/scala-library-2.9.1-sources.jar
		tried http://repo1.maven.org/maven2/org/scala-lang/scala-library/2.9.1/scala-library-2.9.1-sources.jar
source artifact found for org.scala-lang#scala-library;2.9.1
	 trying E:\Dokumente und Einstellungen\Florian\.ivy2/local/org.scala-lang/scala-library/2.9.1/javadocs/scala-library-javadoc.jar
		tried E:\Dokumente und Einstellungen\Florian\.ivy2/local/org.scala-lang/scala-library/2.9.1/javadocs/scala-library-javadoc.jar
	local: resource not reachable for org.scala-lang#scala-library;2.9.1: res=E:\Dokumente und Einstellungen\Florian\.ivy2\local\org.scala-lang\scala-library\2.9.1\javadocs\scala-library-javadoc.jar
	 trying file://E:\Dokumente und Einstellungen\Florian/.m2/repository/org/scala-lang/scala-library/2.9.1/scala-library-2.9.1-javadoc.jar
		tried file://E:\Dokumente und Einstellungen\Florian/.m2/repository/org/scala-lang/scala-library/2.9.1/scala-library-2.9.1-javadoc.jar
	Maven2 Local: resource not reachable for org/scala-lang#scala-library;2.9.1: res=file://E:/Dokumente und Einstellungen/Florian/.m2/repository/org/scala-lang/scala-library/2.9.1/scala-library-2.9.1-javadoc.jar
	 trying http://databinder.net/repo/org.scala-lang/scala-library/2.9.1/javadocs/scala-library-javadoc.jar
		tried http://databinder.net/repo/org.scala-lang/scala-library/2.9.1/javadocs/scala-library-javadoc.jar
HTTP response status: 404 url=http://databinder.net/repo/org.scala-lang/scala-library/2.9.1/javadocs/scala-library-javadoc.jar
CLIENT ERROR: Not Found url=http://databinder.net/repo/org.scala-lang/scala-library/2.9.1/javadocs/scala-library-javadoc.jar
	sbt-db: resource not reachable for org.scala-lang#scala-library;2.9.1: res=http://databinder.net/repo/org.scala-lang/scala-library/2.9.1/javadocs/scala-library-javadoc.jar
	 trying http://repo1.maven.org/maven2/org/scala-lang/scala-library/2.9.1/scala-library-2.9.1-javadoc.jar
		tried http://repo1.maven.org/maven2/org/scala-lang/scala-library/2.9.1/scala-library-2.9.1-javadoc.jar
javadoc artifact found for org.scala-lang#scala-library;2.9.1
	default-cache: parsed downloaded md file for org.scala-lang#scala-library;2.9.1; parsed=org.scala-lang#scala-library;2.9.1
	checking org.scala-lang#scala-library;2.9.1 from Maven Central against [none]
	module revision kept as first found: org.scala-lang#scala-library;2.9.1 from Maven Central
	found org.scala-lang#scala-library;2.9.1 in Maven Central
== resolving dependencies org.scala-lang#scala-compiler;2.9.1->org.scala-lang#scala-library;2.9.1 [compile->compile(*)]
loadData of org.scala-lang#scala-library;2.9.1 of rootConf=default
== resolving dependencies org.scala-lang#scala-compiler;2.9.1->org.scala-lang#scala-library;2.9.1 [compile->default]
loadData of org.scala-lang#scala-library;2.9.1 of rootConf=default
== resolving dependencies org.scala-lang#scala-compiler;2.9.1->org.scala-lang#scala-library;2.9.1 [compile->runtime]
loadData of org.scala-lang#scala-library;2.9.1 of rootConf=default
== resolving dependencies org.scala-lang#scala-compiler;2.9.1->org.scala-lang#scala-library;2.9.1 [compile->compile]
loadData of org.scala-lang#scala-library;2.9.1 of rootConf=default
== resolving dependencies org.scala-lang#scala-compiler;2.9.1->org.scala-lang#scala-library;2.9.1 [compile->master]
loadData of org.scala-lang#scala-library;2.9.1 of rootConf=default
== resolving dependencies org.scala-lang#scala-compiler;2.9.1->org.scala-lang#scala-library;2.9.1 [runtime->runtime(*)]
loadData of org.scala-lang#scala-library;2.9.1 of rootConf=default
== resolving dependencies org.scala-lang#scala-compiler;2.9.1->org.scala-lang#scala-library;2.9.1 [runtime->compile]
loadData of org.scala-lang#scala-library;2.9.1 of rootConf=default
default is loaded and no conf to load.  Skip loading
== resolving dependencies org.scala-tools.sbt#boot-scala;1.0->org.scala-lang#scala-compiler;2.9.1 [default->master]
loadData of org.scala-lang#scala-compiler;2.9.1 of rootConf=default
== resolving dependencies org.scala-tools.sbt#boot-scala;1.0->org.scala-lang#scala-compiler;2.9.1 [default->optional(default)]
loadData of org.scala-lang#scala-compiler;2.9.1 of rootConf=default
== resolving dependencies org.scala-lang#scala-compiler;2.9.1->org.scala-lang#jline;2.9.1 [optional->master(*)]
loadData of org.scala-lang#jline;2.9.1 of rootConf=default
	using redefined-public to resolve org.scala-lang#jline;2.9.1
redefined-public: Checking cache for: dependency: org.scala-lang#jline;2.9.1 {optional=[compile(*), master(*)]}
	no ivy file in cache for org.scala-lang#jline;2.9.1: tried E:\Dokumente und Einstellungen\Florian\.ivy2\cache\org.scala-lang\jline\ivy-2.9.1.xml
	no ivy file in cache for org.scala-lang#jline;2.9.1: tried E:\Dokumente und Einstellungen\Florian\.ivy2\cache\org.scala-lang\jline\ivy-2.9.1.xml
	 trying E:\Dokumente und Einstellungen\Florian\.ivy2/local/org.scala-lang/jline/2.9.1/ivys/ivy.xml
		tried E:\Dokumente und Einstellungen\Florian\.ivy2/local/org.scala-lang/jline/2.9.1/ivys/ivy.xml
	local: resource not reachable for org.scala-lang#jline;2.9.1: res=E:\Dokumente und Einstellungen\Florian\.ivy2\local\org.scala-lang\jline\2.9.1\ivys\ivy.xml
	 trying E:\Dokumente und Einstellungen\Florian\.ivy2/local/org.scala-lang/jline/2.9.1/jars/jline.jar
		tried E:\Dokumente und Einstellungen\Florian\.ivy2/local/org.scala-lang/jline/2.9.1/jars/jline.jar
	local: resource not reachable for org.scala-lang#jline;2.9.1: res=E:\Dokumente und Einstellungen\Florian\.ivy2\local\org.scala-lang\jline\2.9.1\jars\jline.jar
	local: no ivy file nor artifact found for org.scala-lang#jline;2.9.1
	no ivy file in cache for org.scala-lang#jline;2.9.1: tried E:\Dokumente und Einstellungen\Florian\.ivy2\cache\org.scala-lang\jline\ivy-2.9.1.xml
	 trying file://E:\Dokumente und Einstellungen\Florian/.m2/repository/org/scala-lang/jline/2.9.1/jline-2.9.1.pom
		tried file://E:\Dokumente und Einstellungen\Florian/.m2/repository/org/scala-lang/jline/2.9.1/jline-2.9.1.pom
	Maven2 Local: resource not reachable for org/scala-lang#jline;2.9.1: res=file://E:/Dokumente und Einstellungen/Florian/.m2/repository/org/scala-lang/jline/2.9.1/jline-2.9.1.pom
	 trying file://E:\Dokumente und Einstellungen\Florian/.m2/repository/org/scala-lang/jline/2.9.1/jline-2.9.1.jar
		tried file://E:\Dokumente und Einstellungen\Florian/.m2/repository/org/scala-lang/jline/2.9.1/jline-2.9.1.jar
	Maven2 Local: resource not reachable for org/scala-lang#jline;2.9.1: res=file://E:/Dokumente und Einstellungen/Florian/.m2/repository/org/scala-lang/jline/2.9.1/jline-2.9.1.jar
	Maven2 Local: no ivy file nor artifact found for org.scala-lang#jline;2.9.1
	no ivy file in cache for org.scala-lang#jline;2.9.1: tried E:\Dokumente und Einstellungen\Florian\.ivy2\cache\org.scala-lang\jline\ivy-2.9.1.xml
	 trying http://databinder.net/repo/org.scala-lang/jline/2.9.1/ivys/ivy.xml
		tried http://databinder.net/repo/org.scala-lang/jline/2.9.1/ivys/ivy.xml
HTTP response status: 404 url=http://databinder.net/repo/org.scala-lang/jline/2.9.1/ivys/ivy.xml
CLIENT ERROR: Not Found url=http://databinder.net/repo/org.scala-lang/jline/2.9.1/ivys/ivy.xml
	sbt-db: resource not reachable for org.scala-lang#jline;2.9.1: res=http://databinder.net/repo/org.scala-lang/jline/2.9.1/ivys/ivy.xml
	 trying http://databinder.net/repo/org.scala-lang/jline/2.9.1/jars/jline.jar
		tried http://databinder.net/repo/org.scala-lang/jline/2.9.1/jars/jline.jar
HTTP response status: 404 url=http://databinder.net/repo/org.scala-lang/jline/2.9.1/jars/jline.jar
CLIENT ERROR: Not Found url=http://databinder.net/repo/org.scala-lang/jline/2.9.1/jars/jline.jar
	sbt-db: resource not reachable for org.scala-lang#jline;2.9.1: res=http://databinder.net/repo/org.scala-lang/jline/2.9.1/jars/jline.jar
	sbt-db: no ivy file nor artifact found for org.scala-lang#jline;2.9.1
	no ivy file in cache for org.scala-lang#jline;2.9.1: tried E:\Dokumente und Einstellungen\Florian\.ivy2\cache\org.scala-lang\jline\ivy-2.9.1.xml
	 trying http://repo1.maven.org/maven2/org/scala-lang/jline/2.9.1/jline-2.9.1.pom
		tried http://repo1.maven.org/maven2/org/scala-lang/jline/2.9.1/jline-2.9.1.pom
	Maven Central: found md file for org.scala-lang#jline;2.9.1
		=> http://repo1.maven.org/maven2/org/scala-lang/jline/2.9.1/jline-2.9.1.pom (2.9.1)
	parser = pom parser
	no ivy file in cache for org.scala-lang#jline;2.9.1: tried E:\Dokumente und Einstellungen\Florian\.ivy2\cache\org.scala-lang\jline\ivy-2.9.1.xml
downloading http://repo1.maven.org/maven2/org/scala-lang/jline/2.9.1/jline-2.9.1.pom ...
	Maven Central: downloading http://repo1.maven.org/maven2/org/scala-lang/jline/2.9.1/jline-2.9.1.pom
		to E:\Dokumente und Einstellungen\Florian\.ivy2\cache\org.scala-lang\jline\ivy-2.9.1.xml.original.part
	[SUCCESSFUL ] org.scala-lang#jline;2.9.1!jline.pom(pom.original) (250ms)
	 trying E:\Dokumente und Einstellungen\Florian\.ivy2/local/org.scala-lang/jline/2.9.1/jars/jline.jar
		tried E:\Dokumente und Einstellungen\Florian\.ivy2/local/org.scala-lang/jline/2.9.1/jars/jline.jar
	local: resource not reachable for org.scala-lang#jline;2.9.1: res=E:\Dokumente und Einstellungen\Florian\.ivy2\local\org.scala-lang\jline\2.9.1\jars\jline.jar
	 trying file://E:\Dokumente und Einstellungen\Florian/.m2/repository/org/scala-lang/jline/2.9.1/jline-2.9.1.jar
		tried file://E:\Dokumente und Einstellungen\Florian/.m2/repository/org/scala-lang/jline/2.9.1/jline-2.9.1.jar
	Maven2 Local: resource not reachable for org/scala-lang#jline;2.9.1: res=file://E:/Dokumente und Einstellungen/Florian/.m2/repository/org/scala-lang/jline/2.9.1/jline-2.9.1.jar
	 trying http://databinder.net/repo/org.scala-lang/jline/2.9.1/jars/jline.jar
		tried http://databinder.net/repo/org.scala-lang/jline/2.9.1/jars/jline.jar
	sbt-db: resource not reachable for org.scala-lang#jline;2.9.1: res=http://databinder.net/repo/org.scala-lang/jline/2.9.1/jars/jline.jar
	 trying http://repo1.maven.org/maven2/org/scala-lang/jline/2.9.1/jline-2.9.1.jar
		tried http://repo1.maven.org/maven2/org/scala-lang/jline/2.9.1/jline-2.9.1.jar
	 trying E:\Dokumente und Einstellungen\Florian\.ivy2/local/org.scala-lang/jline/2.9.1/sources/jline-sources.jar
		tried E:\Dokumente und Einstellungen\Florian\.ivy2/local/org.scala-lang/jline/2.9.1/sources/jline-sources.jar
	local: resource not reachable for org.scala-lang#jline;2.9.1: res=E:\Dokumente und Einstellungen\Florian\.ivy2\local\org.scala-lang\jline\2.9.1\sources\jline-sources.jar
	 trying file://E:\Dokumente und Einstellungen\Florian/.m2/repository/org/scala-lang/jline/2.9.1/jline-2.9.1-sources.jar
		tried file://E:\Dokumente und Einstellungen\Florian/.m2/repository/org/scala-lang/jline/2.9.1/jline-2.9.1-sources.jar
	Maven2 Local: resource not reachable for org/scala-lang#jline;2.9.1: res=file://E:/Dokumente und Einstellungen/Florian/.m2/repository/org/scala-lang/jline/2.9.1/jline-2.9.1-sources.jar
	 trying http://databinder.net/repo/org.scala-lang/jline/2.9.1/sources/jline-sources.jar
		tried http://databinder.net/repo/org.scala-lang/jline/2.9.1/sources/jline-sources.jar
HTTP response status: 404 url=http://databinder.net/repo/org.scala-lang/jline/2.9.1/sources/jline-sources.jar
CLIENT ERROR: Not Found url=http://databinder.net/repo/org.scala-lang/jline/2.9.1/sources/jline-sources.jar
	sbt-db: resource not reachable for org.scala-lang#jline;2.9.1: res=http://databinder.net/repo/org.scala-lang/jline/2.9.1/sources/jline-sources.jar
	 trying http://repo1.maven.org/maven2/org/scala-lang/jline/2.9.1/jline-2.9.1-sources.jar
		tried http://repo1.maven.org/maven2/org/scala-lang/jline/2.9.1/jline-2.9.1-sources.jar
source artifact found for org.scala-lang#jline;2.9.1
	 trying E:\Dokumente und Einstellungen\Florian\.ivy2/local/org.scala-lang/jline/2.9.1/javadocs/jline-javadoc.jar
		tried E:\Dokumente und Einstellungen\Florian\.ivy2/local/org.scala-lang/jline/2.9.1/javadocs/jline-javadoc.jar
	local: resource not reachable for org.scala-lang#jline;2.9.1: res=E:\Dokumente und Einstellungen\Florian\.ivy2\local\org.scala-lang\jline\2.9.1\javadocs\jline-javadoc.jar
	 trying file://E:\Dokumente und Einstellungen\Florian/.m2/repository/org/scala-lang/jline/2.9.1/jline-2.9.1-javadoc.jar
		tried file://E:\Dokumente und Einstellungen\Florian/.m2/repository/org/scala-lang/jline/2.9.1/jline-2.9.1-javadoc.jar
	Maven2 Local: resource not reachable for org/scala-lang#jline;2.9.1: res=file://E:/Dokumente und Einstellungen/Florian/.m2/repository/org/scala-lang/jline/2.9.1/jline-2.9.1-javadoc.jar
	 trying http://databinder.net/repo/org.scala-lang/jline/2.9.1/javadocs/jline-javadoc.jar
		tried http://databinder.net/repo/org.scala-lang/jline/2.9.1/javadocs/jline-javadoc.jar
HTTP response status: 404 url=http://databinder.net/repo/org.scala-lang/jline/2.9.1/javadocs/jline-javadoc.jar
CLIENT ERROR: Not Found url=http://databinder.net/repo/org.scala-lang/jline/2.9.1/javadocs/jline-javadoc.jar
	sbt-db: resource not reachable for org.scala-lang#jline;2.9.1: res=http://databinder.net/repo/org.scala-lang/jline/2.9.1/javadocs/jline-javadoc.jar
	 trying http://repo1.maven.org/maven2/org/scala-lang/jline/2.9.1/jline-2.9.1-javadoc.jar
		tried http://repo1.maven.org/maven2/org/scala-lang/jline/2.9.1/jline-2.9.1-javadoc.jar
HTTP response status: 404 url=http://repo1.maven.org/maven2/org/scala-lang/jline/2.9.1/jline-2.9.1-javadoc.jar
CLIENT ERROR: Not Found url=http://repo1.maven.org/maven2/org/scala-lang/jline/2.9.1/jline-2.9.1-javadoc.jar
	Maven Central: resource not reachable for org/scala-lang#jline;2.9.1: res=http://repo1.maven.org/maven2/org/scala-lang/jline/2.9.1/jline-2.9.1-javadoc.jar
	 trying http://scala-tools.org/repo-releases/org/scala-lang/jline/2.9.1/jline-2.9.1-javadoc.jar
		tried http://scala-tools.org/repo-releases/org/scala-lang/jline/2.9.1/jline-2.9.1-javadoc.jar
HTTP response status: 404 url=http://scala-tools.org/repo-releases/org/scala-lang/jline/2.9.1/jline-2.9.1-javadoc.jar
CLIENT ERROR: Not Found url=http://scala-tools.org/repo-releases/org/scala-lang/jline/2.9.1/jline-2.9.1-javadoc.jar
	Scala-Tools Maven2 Repository: resource not reachable for org/scala-lang#jline;2.9.1: res=http://scala-tools.org/repo-releases/org/scala-lang/jline/2.9.1/jline-2.9.1-javadoc.jar
	 trying http://scala-tools.org/repo-snapshots/org/scala-lang/jline/2.9.1/jline-2.9.1-javadoc.jar
		tried http://scala-tools.org/repo-snapshots/org/scala-lang/jline/2.9.1/jline-2.9.1-javadoc.jar
HTTP response status: 404 url=http://scala-tools.org/repo-snapshots/org/scala-lang/jline/2.9.1/jline-2.9.1-javadoc.jar
CLIENT ERROR: Not Found url=http://scala-tools.org/repo-snapshots/org/scala-lang/jline/2.9.1/jline-2.9.1-javadoc.jar
	Scala-Tools Maven2 Snapshots Repository: resource not reachable for org/scala-lang#jline;2.9.1: res=http://scala-tools.org/repo-snapshots/org/scala-lang/jline/2.9.1/jline-2.9.1-javadoc.jar
no javadoc artifact found for org.scala-lang#jline;2.9.1
	default-cache: parsed downloaded md file for org.scala-lang#jline;2.9.1; parsed=org.scala-lang#jline;2.9.1
	checking org.scala-lang#jline;2.9.1 from Maven Central against [none]
	module revision kept as first found: org.scala-lang#jline;2.9.1 from Maven Central
	found org.scala-lang#jline;2.9.1 in Maven Central
== resolving dependencies org.scala-lang#scala-compiler;2.9.1->org.scala-lang#jline;2.9.1 [optional->compile(*)]
loadData of org.scala-lang#jline;2.9.1 of rootConf=default
== resolving dependencies org.scala-lang#jline;2.9.1->org.fusesource.jansi#jansi;1.4 [compile->master(*)]
loadData of org.fusesource.jansi#jansi;1.4 of rootConf=default
	using redefined-public to resolve org.fusesource.jansi#jansi;1.4
redefined-public: Checking cache for: dependency: org.fusesource.jansi#jansi;1.4 {compile=[compile(*), master(*)], runtime=[runtime(*)]}
	no ivy file in cache for org.fusesource.jansi#jansi;1.4: tried E:\Dokumente und Einstellungen\Florian\.ivy2\cache\org.fusesource.jansi\jansi\ivy-1.4.xml
	no ivy file in cache for org.fusesource.jansi#jansi;1.4: tried E:\Dokumente und Einstellungen\Florian\.ivy2\cache\org.fusesource.jansi\jansi\ivy-1.4.xml
	 trying E:\Dokumente und Einstellungen\Florian\.ivy2/local/org.fusesource.jansi/jansi/1.4/ivys/ivy.xml
		tried E:\Dokumente und Einstellungen\Florian\.ivy2/local/org.fusesource.jansi/jansi/1.4/ivys/ivy.xml
	local: resource not reachable for org.fusesource.jansi#jansi;1.4: res=E:\Dokumente und Einstellungen\Florian\.ivy2\local\org.fusesource.jansi\jansi\1.4\ivys\ivy.xml
	 trying E:\Dokumente und Einstellungen\Florian\.ivy2/local/org.fusesource.jansi/jansi/1.4/jars/jansi.jar
		tried E:\Dokumente und Einstellungen\Florian\.ivy2/local/org.fusesource.jansi/jansi/1.4/jars/jansi.jar
	local: resource not reachable for org.fusesource.jansi#jansi;1.4: res=E:\Dokumente und Einstellungen\Florian\.ivy2\local\org.fusesource.jansi\jansi\1.4\jars\jansi.jar
	local: no ivy file nor artifact found for org.fusesource.jansi#jansi;1.4
	no ivy file in cache for org.fusesource.jansi#jansi;1.4: tried E:\Dokumente und Einstellungen\Florian\.ivy2\cache\org.fusesource.jansi\jansi\ivy-1.4.xml
	 trying file://E:\Dokumente und Einstellungen\Florian/.m2/repository/org/fusesource/jansi/jansi/1.4/jansi-1.4.pom
		tried file://E:\Dokumente und Einstellungen\Florian/.m2/repository/org/fusesource/jansi/jansi/1.4/jansi-1.4.pom
	Maven2 Local: resource not reachable for org/fusesource/jansi#jansi;1.4: res=file://E:/Dokumente und Einstellungen/Florian/.m2/repository/org/fusesource/jansi/jansi/1.4/jansi-1.4.pom
	 trying file://E:\Dokumente und Einstellungen\Florian/.m2/repository/org/fusesource/jansi/jansi/1.4/jansi-1.4.jar
		tried file://E:\Dokumente und Einstellungen\Florian/.m2/repository/org/fusesource/jansi/jansi/1.4/jansi-1.4.jar
	Maven2 Local: resource not reachable for org/fusesource/jansi#jansi;1.4: res=file://E:/Dokumente und Einstellungen/Florian/.m2/repository/org/fusesource/jansi/jansi/1.4/jansi-1.4.jar
	Maven2 Local: no ivy file nor artifact found for org.fusesource.jansi#jansi;1.4
	no ivy file in cache for org.fusesource.jansi#jansi;1.4: tried E:\Dokumente und Einstellungen\Florian\.ivy2\cache\org.fusesource.jansi\jansi\ivy-1.4.xml
	 trying http://databinder.net/repo/org.fusesource.jansi/jansi/1.4/ivys/ivy.xml
		tried http://databinder.net/repo/org.fusesource.jansi/jansi/1.4/ivys/ivy.xml
HTTP response status: 404 url=http://databinder.net/repo/org.fusesource.jansi/jansi/1.4/ivys/ivy.xml
CLIENT ERROR: Not Found url=http://databinder.net/repo/org.fusesource.jansi/jansi/1.4/ivys/ivy.xml
	sbt-db: resource not reachable for org.fusesource.jansi#jansi;1.4: res=http://databinder.net/repo/org.fusesource.jansi/jansi/1.4/ivys/ivy.xml
	 trying http://databinder.net/repo/org.fusesource.jansi/jansi/1.4/jars/jansi.jar
		tried http://databinder.net/repo/org.fusesource.jansi/jansi/1.4/jars/jansi.jar
HTTP response status: 404 url=http://databinder.net/repo/org.fusesource.jansi/jansi/1.4/jars/jansi.jar
CLIENT ERROR: Not Found url=http://databinder.net/repo/org.fusesource.jansi/jansi/1.4/jars/jansi.jar
	sbt-db: resource not reachable for org.fusesource.jansi#jansi;1.4: res=http://databinder.net/repo/org.fusesource.jansi/jansi/1.4/jars/jansi.jar
	sbt-db: no ivy file nor artifact found for org.fusesource.jansi#jansi;1.4
	no ivy file in cache for org.fusesource.jansi#jansi;1.4: tried E:\Dokumente und Einstellungen\Florian\.ivy2\cache\org.fusesource.jansi\jansi\ivy-1.4.xml
	 trying http://repo1.maven.org/maven2/org/fusesource/jansi/jansi/1.4/jansi-1.4.pom
		tried http://repo1.maven.org/maven2/org/fusesource/jansi/jansi/1.4/jansi-1.4.pom
	Maven Central: found md file for org.fusesource.jansi#jansi;1.4
		=> http://repo1.maven.org/maven2/org/fusesource/jansi/jansi/1.4/jansi-1.4.pom (1.4)
	parser = pom parser
	no ivy file in cache for org.fusesource.jansi#jansi;1.4: tried E:\Dokumente und Einstellungen\Florian\.ivy2\cache\org.fusesource.jansi\jansi\ivy-1.4.xml
downloading http://repo1.maven.org/maven2/org/fusesource/jansi/jansi/1.4/jansi-1.4.pom ...
	Maven Central: downloading http://repo1.maven.org/maven2/org/fusesource/jansi/jansi/1.4/jansi-1.4.pom
		to E:\Dokumente und Einstellungen\Florian\.ivy2\cache\org.fusesource.jansi\jansi\ivy-1.4.xml.original.part
	[SUCCESSFUL ] org.fusesource.jansi#jansi;1.4!jansi.pom(pom.original) (265ms)
	 trying E:\Dokumente und Einstellungen\Florian\.ivy2/local/org.fusesource.jansi/jansi/1.4/jars/jansi.jar
		tried E:\Dokumente und Einstellungen\Florian\.ivy2/local/org.fusesource.jansi/jansi/1.4/jars/jansi.jar
	local: resource not reachable for org.fusesource.jansi#jansi;1.4: res=E:\Dokumente und Einstellungen\Florian\.ivy2\local\org.fusesource.jansi\jansi\1.4\jars\jansi.jar
	 trying file://E:\Dokumente und Einstellungen\Florian/.m2/repository/org/fusesource/jansi/jansi/1.4/jansi-1.4.jar
		tried file://E:\Dokumente und Einstellungen\Florian/.m2/repository/org/fusesource/jansi/jansi/1.4/jansi-1.4.jar
	Maven2 Local: resource not reachable for org/fusesource/jansi#jansi;1.4: res=file://E:/Dokumente und Einstellungen/Florian/.m2/repository/org/fusesource/jansi/jansi/1.4/jansi-1.4.jar
	 trying http://databinder.net/repo/org.fusesource.jansi/jansi/1.4/jars/jansi.jar
		tried http://databinder.net/repo/org.fusesource.jansi/jansi/1.4/jars/jansi.jar
	sbt-db: resource not reachable for org.fusesource.jansi#jansi;1.4: res=http://databinder.net/repo/org.fusesource.jansi/jansi/1.4/jars/jansi.jar
	 trying http://repo1.maven.org/maven2/org/fusesource/jansi/jansi/1.4/jansi-1.4.jar
		tried http://repo1.maven.org/maven2/org/fusesource/jansi/jansi/1.4/jansi-1.4.jar
	 trying E:\Dokumente und Einstellungen\Florian\.ivy2/local/org.fusesource.jansi/jansi/1.4/sources/jansi-sources.jar
		tried E:\Dokumente und Einstellungen\Florian\.ivy2/local/org.fusesource.jansi/jansi/1.4/sources/jansi-sources.jar
	local: resource not reachable for org.fusesource.jansi#jansi;1.4: res=E:\Dokumente und Einstellungen\Florian\.ivy2\local\org.fusesource.jansi\jansi\1.4\sources\jansi-sources.jar
	 trying file://E:\Dokumente und Einstellungen\Florian/.m2/repository/org/fusesource/jansi/jansi/1.4/jansi-1.4-sources.jar
		tried file://E:\Dokumente und Einstellungen\Florian/.m2/repository/org/fusesource/jansi/jansi/1.4/jansi-1.4-sources.jar
	Maven2 Local: resource not reachable for org/fusesource/jansi#jansi;1.4: res=file://E:/Dokumente und Einstellungen/Florian/.m2/repository/org/fusesource/jansi/jansi/1.4/jansi-1.4-sources.jar
	 trying http://databinder.net/repo/org.fusesource.jansi/jansi/1.4/sources/jansi-sources.jar
		tried http://databinder.net/repo/org.fusesource.jansi/jansi/1.4/sources/jansi-sources.jar
HTTP response status: 404 url=http://databinder.net/repo/org.fusesource.jansi/jansi/1.4/sources/jansi-sources.jar
CLIENT ERROR: Not Found url=http://databinder.net/repo/org.fusesource.jansi/jansi/1.4/sources/jansi-sources.jar
	sbt-db: resource not reachable for org.fusesource.jansi#jansi;1.4: res=http://databinder.net/repo/org.fusesource.jansi/jansi/1.4/sources/jansi-sources.jar
	 trying http://repo1.maven.org/maven2/org/fusesource/jansi/jansi/1.4/jansi-1.4-sources.jar
		tried http://repo1.maven.org/maven2/org/fusesource/jansi/jansi/1.4/jansi-1.4-sources.jar
source artifact found for org.fusesource.jansi#jansi;1.4
	 trying E:\Dokumente und Einstellungen\Florian\.ivy2/local/org.fusesource.jansi/jansi/1.4/javadocs/jansi-javadoc.jar
		tried E:\Dokumente und Einstellungen\Florian\.ivy2/local/org.fusesource.jansi/jansi/1.4/javadocs/jansi-javadoc.jar
	local: resource not reachable for org.fusesource.jansi#jansi;1.4: res=E:\Dokumente und Einstellungen\Florian\.ivy2\local\org.fusesource.jansi\jansi\1.4\javadocs\jansi-javadoc.jar
	 trying file://E:\Dokumente und Einstellungen\Florian/.m2/repository/org/fusesource/jansi/jansi/1.4/jansi-1.4-javadoc.jar
		tried file://E:\Dokumente und Einstellungen\Florian/.m2/repository/org/fusesource/jansi/jansi/1.4/jansi-1.4-javadoc.jar
	Maven2 Local: resource not reachable for org/fusesource/jansi#jansi;1.4: res=file://E:/Dokumente und Einstellungen/Florian/.m2/repository/org/fusesource/jansi/jansi/1.4/jansi-1.4-javadoc.jar
	 trying http://databinder.net/repo/org.fusesource.jansi/jansi/1.4/javadocs/jansi-javadoc.jar
		tried http://databinder.net/repo/org.fusesource.jansi/jansi/1.4/javadocs/jansi-javadoc.jar
HTTP response status: 404 url=http://databinder.net/repo/org.fusesource.jansi/jansi/1.4/javadocs/jansi-javadoc.jar
CLIENT ERROR: Not Found url=http://databinder.net/repo/org.fusesource.jansi/jansi/1.4/javadocs/jansi-javadoc.jar
	sbt-db: resource not reachable for org.fusesource.jansi#jansi;1.4: res=http://databinder.net/repo/org.fusesource.jansi/jansi/1.4/javadocs/jansi-javadoc.jar
	 trying http://repo1.maven.org/maven2/org/fusesource/jansi/jansi/1.4/jansi-1.4-javadoc.jar
		tried http://repo1.maven.org/maven2/org/fusesource/jansi/jansi/1.4/jansi-1.4-javadoc.jar
javadoc artifact found for org.fusesource.jansi#jansi;1.4
	default-cache: parsed downloaded md file for org.fusesource.jansi#jansi;1.4; parsed=org.fusesource.jansi#jansi;1.4
	checking org.fusesource.jansi#jansi;1.4 from Maven Central against [none]
	module revision kept as first found: org.fusesource.jansi#jansi;1.4 from Maven Central
	found org.fusesource.jansi#jansi;1.4 in Maven Central
== resolving dependencies org.scala-lang#jline;2.9.1->org.fusesource.jansi#jansi;1.4 [compile->compile(*)]
loadData of org.fusesource.jansi#jansi;1.4 of rootConf=default
== resolving dependencies org.scala-tools.sbt#boot-scala;1.0->org.scala-lang#scala-library;2.9.1 [default->default]
loadData of org.scala-lang#scala-library;2.9.1 of rootConf=default
default is loaded and no conf to load.  Skip loading
== resolving dependencies org.scala-tools.sbt#boot-scala;1.0->org.scala-lang#scala-library;2.9.1 [default->runtime]
loadData of org.scala-lang#scala-library;2.9.1 of rootConf=default
default is loaded and no conf to load.  Skip loading
== resolving dependencies org.scala-tools.sbt#boot-scala;1.0->org.scala-lang#scala-library;2.9.1 [default->compile]
loadData of org.scala-lang#scala-library;2.9.1 of rootConf=default
default is loaded and no conf to load.  Skip loading
== resolving dependencies org.scala-tools.sbt#boot-scala;1.0->org.scala-lang#scala-library;2.9.1 [default->master]
loadData of org.scala-lang#scala-library;2.9.1 of rootConf=default
default is loaded and no conf to load.  Skip loading
Nbr of module to sort : 4
Sort dependencies of : org.scala-lang#scala-compiler;2.9.1 / Number of dependencies = 2
Sort dependencies of : org.scala-lang#scala-library;2.9.1 / Number of dependencies = 0
Sort done for : org.scala-lang#scala-library;2.9.1
Sort dependencies of : org.scala-lang#jline;2.9.1 / Number of dependencies = 1
Sort dependencies of : org.fusesource.jansi#jansi;1.4 / Number of dependencies = 1
Sort done for : org.fusesource.jansi#jansi;1.4
Sort done for : org.scala-lang#jline;2.9.1
Sort done for : org.scala-lang#scala-compiler;2.9.1
Module descriptor is processed : org.scala-lang#scala-library;2.9.1
Module descriptor is processed : org.scala-lang#jline;2.9.1
Module descriptor is processed : org.fusesource.jansi#jansi;1.4
	resolved ivy file produced in E:\Dokumente und Einstellungen\Florian\.ivy2\cache\resolved-org.scala-tools.sbt-boot-scala-1.0.xml
:: downloading artifacts ::
	 trying http://repo1.maven.org/maven2/org/scala-lang/scala-compiler/2.9.1/scala-compiler-2.9.1.jar
		tried http://repo1.maven.org/maven2/org/scala-lang/scala-compiler/2.9.1/scala-compiler-2.9.1.jar
downloading http://repo1.maven.org/maven2/org/scala-lang/scala-compiler/2.9.1/scala-compiler-2.9.1.jar ...
	Maven Central: downloading http://repo1.maven.org/maven2/org/scala-lang/scala-compiler/2.9.1/scala-compiler-2.9.1.jar
		to E:\Dokumente und Einstellungen\Florian\.ivy2\cache\org.scala-lang\scala-compiler\jars\scala-compiler-2.9.1.jar.part
	[SUCCESSFUL ] org.scala-lang#scala-compiler;2.9.1!scala-compiler.jar (72407ms)
	 trying http://repo1.maven.org/maven2/org/scala-lang/scala-library/2.9.1/scala-library-2.9.1.jar
		tried http://repo1.maven.org/maven2/org/scala-lang/scala-library/2.9.1/scala-library-2.9.1.jar
downloading http://repo1.maven.org/maven2/org/scala-lang/scala-library/2.9.1/scala-library-2.9.1.jar ...
	Maven Central: downloading http://repo1.maven.org/maven2/org/scala-lang/scala-library/2.9.1/scala-library-2.9.1.jar
		to E:\Dokumente und Einstellungen\Florian\.ivy2\cache\org.scala-lang\scala-library\jars\scala-library-2.9.1.jar.part
	[SUCCESSFUL ] org.scala-lang#scala-library;2.9.1!scala-library.jar (57031ms)
	 trying http://repo1.maven.org/maven2/org/scala-lang/jline/2.9.1/jline-2.9.1.jar
		tried http://repo1.maven.org/maven2/org/scala-lang/jline/2.9.1/jline-2.9.1.jar
downloading http://repo1.maven.org/maven2/org/scala-lang/jline/2.9.1/jline-2.9.1.jar ...
	Maven Central: downloading http://repo1.maven.org/maven2/org/scala-lang/jline/2.9.1/jline-2.9.1.jar
		to E:\Dokumente und Einstellungen\Florian\.ivy2\cache\org.scala-lang\jline\jars\jline-2.9.1.jar.part
	[SUCCESSFUL ] org.scala-lang#jline;2.9.1!jline.jar (1031ms)
	 trying http://repo1.maven.org/maven2/org/fusesource/jansi/jansi/1.4/jansi-1.4.jar
		tried http://repo1.maven.org/maven2/org/fusesource/jansi/jansi/1.4/jansi-1.4.jar
downloading http://repo1.maven.org/maven2/org/fusesource/jansi/jansi/1.4/jansi-1.4.jar ...
	Maven Central: downloading http://repo1.maven.org/maven2/org/fusesource/jansi/jansi/1.4/jansi-1.4.jar
		to E:\Dokumente und Einstellungen\Florian\.ivy2\cache\org.fusesource.jansi\jansi\jars\jansi-1.4.jar.part
	[SUCCESSFUL ] org.fusesource.jansi#jansi;1.4!jansi.jar (719ms)
:: resolution report :: resolve 22297ms :: artifacts dl 131188ms
Nbr of module to sort : 4
Sort dependencies of : org.scala-lang#scala-compiler;2.9.1 / Number of dependencies = 2
Sort dependencies of : org.scala-lang#scala-library;2.9.1 / Number of dependencies = 0
Sort done for : org.scala-lang#scala-library;2.9.1
Sort dependencies of : org.scala-lang#jline;2.9.1 / Number of dependencies = 1
Sort dependencies of : org.fusesource.jansi#jansi;1.4 / Number of dependencies = 1
Sort done for : org.fusesource.jansi#jansi;1.4
Sort done for : org.scala-lang#jline;2.9.1
Sort done for : org.scala-lang#scala-compiler;2.9.1
Module descriptor is processed : org.scala-lang#scala-library;2.9.1
Module descriptor is processed : org.scala-lang#jline;2.9.1
Module descriptor is processed : org.fusesource.jansi#jansi;1.4
	report for org.scala-tools.sbt#boot-scala;1.0 default produced in E:\Dokumente und Einstellungen\Florian\.ivy2\cache\org.scala-tools.sbt-boot-scala-default.xml
	resolve done (22297ms resolve - 131188ms download)
:: retrieving :: org.scala-tools.sbt#boot-scala
	checkUpToDate=true
no explicit confs given for retrieve, using ivy file: E:\Dokumente und Einstellungen\Florian\.ivy2\cache\resolved-org.scala-tools.sbt-boot-scala-1.0.xml
using ivy parser to parse E:\Dokumente und Einstellungen\Florian\.ivy2\cache\resolved-org.scala-tools.sbt-boot-scala-1.0.xml
post 1.3 ivy file: using exact as default matcher
	confs: [default]
	retrieving E:\Dokumente und Einstellungen\Florian\.ivy2\cache\org.fusesource.jansi\jansi\jars\jansi-1.4.jar
		to E:\DEV\projectEuler\project\boot\scala-2.9.1\lib\jansi.jar
	retrieving E:\Dokumente und Einstellungen\Florian\.ivy2\cache\org.scala-lang\scala-library\jars\scala-library-2.9.1.jar
		to E:\DEV\projectEuler\project\boot\scala-2.9.1\lib\scala-library.jar
	retrieving E:\Dokumente und Einstellungen\Florian\.ivy2\cache\org.scala-lang\scala-compiler\jars\scala-compiler-2.9.1.jar
		to E:\DEV\projectEuler\project\boot\scala-2.9.1\lib\scala-compiler.jar
	retrieving E:\Dokumente und Einstellungen\Florian\.ivy2\cache\org.scala-lang\jline\jars\jline-2.9.1.jar
		to E:\DEV\projectEuler\project\boot\scala-2.9.1\lib\jline.jar
	4 artifacts copied, 0 already retrieved (19939kB/62ms)
	retrieve done (62ms)
